<?xml version="1.0" encoding="UTF-8"?>
<!-- Generated by org.testng.reporters.JUnitReportReporter -->
<testsuite skipped="0" hostname="SHRI" name="testScripts.SampleTwoTest" tests="1" failures="0" timestamp="2023-03-14T14:16:56 IST" time="11.382" errors="0">
  <testcase name="cypressSearchTest" time="11.382" classname="testScripts.SampleTwoTest"/>
  <system-out/>
</testsuite> <!-- testScripts.SampleTwoTest -->
