<?xml version="1.0" encoding="UTF-8"?>
<!-- Generated by org.testng.reporters.JUnitReportReporter -->
<testsuite hostname="SHRI" failures="0" tests="4" name="parallelScripts.SampleThreeTest" time="0.113" errors="0" timestamp="2023-03-02T19:44:39 IST" skipped="0">
  <testcase classname="parallelScripts.SampleThreeTest" name="testTwo" time="0.019"/>
  <system-out/>
  <testcase classname="parallelScripts.SampleThreeTest" name="testFour" time="0.032"/>
  <system-out/>
  <testcase classname="parallelScripts.SampleThreeTest" name="testOne" time="0.044"/>
  <system-out/>
  <testcase classname="parallelScripts.SampleThreeTest" name="testThree" time="0.018"/>
  <system-out/>
</testsuite> <!-- parallelScripts.SampleThreeTest -->
