<?xml version="1.0" encoding="UTF-8"?>
<!-- Generated by org.testng.reporters.JUnitReportReporter -->
<testsuite hostname="SHRI" failures="0" tests="4" name="testScripts.ParaBank" time="48.037" errors="0" timestamp="2023-02-28T17:00:40 IST" skipped="0">
  <testcase classname="testScripts.ParaBank" name="Transferfund" time="11.879"/>
  <system-out/>
  <testcase classname="testScripts.ParaBank" name="register" time="12.816"/>
  <system-out/>
  <testcase classname="testScripts.ParaBank" name="openaccount" time="10.104"/>
  <system-out/>
  <testcase classname="testScripts.ParaBank" name="overview" time="13.238"/>
  <system-out/>
</testsuite> <!-- testScripts.ParaBank -->
