<?xml version="1.0" encoding="UTF-8"?>
<!-- Generated by org.testng.reporters.JUnitReportReporter -->
<testsuite hostname="SHRI" failures="0" tests="1" name="testScripts.FileDownloadTest" time="13.404" errors="0" timestamp="2023-02-28T19:25:36 IST" skipped="0">
  <testcase classname="testScripts.FileDownloadTest" name="downloadFile" time="13.404"/>
  <system-out/>
</testsuite> <!-- testScripts.FileDownloadTest -->
