<?xml version="1.0" encoding="UTF-8"?>
<!-- Generated by org.testng.reporters.JUnitReportReporter -->
<testsuite skipped="0" hostname="SHRI" name="testScripts.ExerciseDhanubeStore" tests="2" failures="0" timestamp="2023-03-04T13:26:17 IST" time="13.405" errors="0">
  <testcase name="search" time="12.335" classname="testScripts.ExerciseDhanubeStore"/>
  <system-out/>
  <testcase name="register" time="1.070" classname="testScripts.ExerciseDhanubeStore"/>
  <system-out/>
</testsuite> <!-- testScripts.ExerciseDhanubeStore -->
