<?xml version="1.0" encoding="UTF-8"?>
<!-- Generated by org.testng.reporters.JUnitReportReporter -->
<testsuite hostname="SHRI" failures="0" tests="2" name="testScripts.ExDanubeStore" time="14.034" errors="0" timestamp="2023-03-01T17:05:32 IST" skipped="0">
  <testcase classname="testScripts.ExDanubeStore" name="RegisterTest" time="4.452"/>
  <system-out/>
  <testcase classname="testScripts.ExDanubeStore" name="SearchTest" time="9.582"/>
  <system-out/>
</testsuite> <!-- testScripts.ExDanubeStore -->
